<<<<<<< HEAD
----------------------------------------------------------------
Fri Apr 17 11:34:22 EDT 2020:
Booting Derby version The Apache Software Foundation - Apache Derby - 10.10.2.0 - (1582446): instance a816c00e-0171-88c6-cdf8-00000e442510 
=======
----------------------------------------------------------------
Fri Apr 17 11:40:13 EDT 2020:
Booting Derby version The Apache Software Foundation - Apache Derby - 10.10.2.0 - (1582446): instance a816c00e-0171-88cc-2862-00001d902738 
>>>>>>> branch 'master' of https://github.com/tgerst11/GroupProjectAQM.git
on database directory C:\CS320-GroupProject\data.db with class loader sun.misc.Launcher$AppClassLoader@73d16e93 
<<<<<<< HEAD
Loaded from file:/C:/Users/biebe/eclipse-workspace/CS320_Derby/lib/derby.jar
=======
Loaded from file:/D:/CS320-Spring/CS320_Derby/lib/derby.jar
>>>>>>> branch 'master' of https://github.com/tgerst11/GroupProjectAQM.git
java.vendor=Oracle Corporation
java.runtime.version=1.8.0_202-b08
<<<<<<< HEAD
user.dir=C:\Users\biebe\git\GroupProjectAQM\CS320_Group
=======
user.dir=D:\CS320-Spring\GitHub\GroupProjectAQM\CS320_Group
>>>>>>> branch 'master' of https://github.com/tgerst11/GroupProjectAQM.git
os.name=Windows 10
os.arch=amd64
os.version=10.0
derby.system.home=null
Database Class Loader started - derby.database.classpath=''
